GAS LISTING /tmp/ccs10kWq.s 			page 1


   1              		.file	"main.cpp"
   2              		.option pic
   3              		.option norelax
   4              		.text
   5              	.Ltext0:
   6              		.section	.rodata.str1.8,"aMS",@progbits,1
   7              		.align	3
   8              	.LC0:
   9 0000 4D61696E 		.string	"Main exit\n"
   9      20657869 
   9      740A00
  10              		.text
  11              		.align	2
  12              		.globl	main
  14              	main:
  15              	.LFB23:
  16              		.file 1 "src/main.cpp"
   1:src/main.cpp  **** #include"../h/print.hpp"
   2:src/main.cpp  **** #include "../h/riscv.hpp"
   3:src/main.cpp  **** #include "../h/syscall_c.hpp"
   4:src/main.cpp  **** #include "../h/syscall_cpp.hpp"
   5:src/main.cpp  **** #include "../h/kThread.hpp"
   6:src/main.cpp  **** #include "../h/workers.hpp"
   7:src/main.cpp  **** #include "../h/userMain.hpp"
   8:src/main.cpp  **** 
   9:src/main.cpp  **** 
  10:src/main.cpp  **** extern "C" { extern int __supervisorTrap;}
  11:src/main.cpp  **** 
  12:src/main.cpp  **** int main()
  13:src/main.cpp  **** {
  17              		.loc 1 13 1
  18              		.cfi_startproc
  19 0000 130101FF 		addi	sp,sp,-16
  20              		.cfi_def_cfa_offset 16
  21 0004 23341100 		sd	ra,8(sp)
  22 0008 23308100 		sd	s0,0(sp)
  23              		.cfi_offset 1, -8
  24              		.cfi_offset 8, -16
  25 000c 13040101 		addi	s0,sp,16
  26              		.cfi_def_cfa 8, 0
  14:src/main.cpp  **** 
  15:src/main.cpp  ****     //mskiranje prekida???
  16:src/main.cpp  ****    __asm__ volatile ("csrw stvec, %0 ": : "r" ((uint64)&__supervisorTrap | 1));
  27              		.loc 1 16 4
  28              		.loc 1 16 74 is_stmt 0
  29 0010 97070000 		la	a5,__supervisorTrap
  29      83B70700 
  30 0018 93E71700 		ori	a5,a5,1
  31              		.loc 1 16 79
  32              	#APP
  33              	# 16 "src/main.cpp" 1
  17              	//    //Riscv::ms_sstatus(Riscv::SSTATUS_SIE); jel ovo za timer
  18:src/main.cpp  **** 
  19:src/main.cpp  **** //    Thread* t1 = new Thread(userMain, nullptr); //prob je sto userMain ne prima argumente pa mora
  20:src/main.cpp  **** //    t1->start();
  21:src/main.cpp  **** 
  22:src/main.cpp  **** //    printInteger(retMain);
GAS LISTING /tmp/ccs10kWq.s 			page 2


  23:src/main.cpp  **** //
  24:src/main.cpp  **** //    uint64  size = 4096;
  25:src/main.cpp  **** //    void* ptrA = mem_alloc(size);
  26:src/main.cpp  **** //    uint64 intPtr = (uint64)(&ptrA);
  27:src/main.cpp  **** //    printHex(intPtr);
  28:src/main.cpp  **** //    printString(" mem_alloc done\n");
  29:src/main.cpp  **** //
  30:src/main.cpp  **** //    void* ptrB = mem_alloc(size);
  31:src/main.cpp  **** //    intPtr = (uint64)(&ptrB);
  32:src/main.cpp  **** //    printHex(intPtr);
  33:src/main.cpp  **** //    printString(" mem_alloc done\n");
  34:src/main.cpp  **** //
  35:src/main.cpp  **** ////    ret = mem_free(ptr);
  36:src/main.cpp  **** ////    printInteger(ret);
  37:src/main.cpp  **** ////    printString(" mem_free done\n");
  38:src/main.cpp  **** //
  39:src/main.cpp  **** //    kThread* threads[3];
  40:src/main.cpp  **** //
  41:src/main.cpp  **** //    int retMain = thread_create(&threads[0], nullptr, nullptr);
  42:src/main.cpp  **** //    printInteger(retMain);
  43:src/main.cpp  **** //    printString("\n");
  44:src/main.cpp  **** //    kThread::running = threads[0];
  45:src/main.cpp  **** //    int retA = thread_create(&threads[1], workerBodyA, nullptr);
  46:src/main.cpp  **** //    printInteger(retA);
  47:src/main.cpp  **** //    printString("\n");
  48:src/main.cpp  **** //    int retB = thread_create(&threads[2], workerBodyB, nullptr);
  49:src/main.cpp  **** //    printInteger(retB);
  50:src/main.cpp  **** //    printString("\n");
  51:src/main.cpp  **** //
  52:src/main.cpp  **** //
  53:src/main.cpp  **** //    while (!(threads[1]->isFinished() && threads[2]->isFinished()))
  54:src/main.cpp  **** //    {
  55:src/main.cpp  **** //        thread_dispatch();
  56:src/main.cpp  **** //    }
  57:src/main.cpp  **** //
  58:src/main.cpp  **** //    for (auto &thread: threads)
  59:src/main.cpp  **** //    {
  60:src/main.cpp  **** //        delete thread;
  61:src/main.cpp  **** //    }
  62:src/main.cpp  **** 
  63:src/main.cpp  ****     printString("Main exit\n");
  34              		csrw stvec, a5 
  35              	# 0 "" 2
  36              		.loc 1 63 5 is_stmt 1
  37              		.loc 1 63 16 is_stmt 0
  38              	#NO_APP
  39 0020 17050000 		lla	a0,.LC0
  39      13050500 
  40 0028 97000000 		call	_Z11printStringPKc@plt
  40      E7800000 
  41              	.LVL0:
  64:src/main.cpp  ****     return 0;
  42              		.loc 1 64 5 is_stmt 1
  65:src/main.cpp  **** 
  66:src/main.cpp  **** }
  43              		.loc 1 66 1 is_stmt 0
  44 0030 13050000 		li	a0,0
GAS LISTING /tmp/ccs10kWq.s 			page 3


  45 0034 83308100 		ld	ra,8(sp)
  46              		.cfi_restore 1
  47 0038 03340100 		ld	s0,0(sp)
  48              		.cfi_restore 8
  49              		.cfi_def_cfa 2, 16
  50 003c 13010101 		addi	sp,sp,16
  51              		.cfi_def_cfa_offset 0
  52 0040 67800000 		jr	ra
  53              		.cfi_endproc
  54              	.LFE23:
  56              	.Letext0:
  57              		.file 2 "src/../h/../lib/hw.h"
  58              		.file 3 "src/../h/print.hpp"
GAS LISTING /tmp/ccs10kWq.s 			page 4


DEFINED SYMBOLS
                            *ABS*:0000000000000000 main.cpp
     /tmp/ccs10kWq.s:14     .text:0000000000000000 main
     /tmp/ccs10kWq.s:18     .text:0000000000000000 .L0 
     /tmp/ccs10kWq.s:19     .text:0000000000000000 .L0 
     /tmp/ccs10kWq.s:20     .text:0000000000000004 .L0 
     /tmp/ccs10kWq.s:23     .text:000000000000000c .L0 
     /tmp/ccs10kWq.s:24     .text:000000000000000c .L0 
     /tmp/ccs10kWq.s:26     .text:0000000000000010 .L0 
     /tmp/ccs10kWq.s:28     .text:0000000000000010 .L0 
     /tmp/ccs10kWq.s:29     .text:0000000000000010 .L0 
        src/main.cpp:16     .text:000000000000001c .L0 
     /tmp/ccs10kWq.s:37     .text:0000000000000020 .L0 
     /tmp/ccs10kWq.s:39     .text:0000000000000020 .L0 
     /tmp/ccs10kWq.s:43     .text:0000000000000030 .L0 
     /tmp/ccs10kWq.s:44     .text:0000000000000030 .L0 
     /tmp/ccs10kWq.s:46     .text:0000000000000038 .L0 
     /tmp/ccs10kWq.s:48     .text:000000000000003c .L0 
     /tmp/ccs10kWq.s:49     .text:000000000000003c .L0 
     /tmp/ccs10kWq.s:51     .text:0000000000000040 .L0 
     /tmp/ccs10kWq.s:53     .text:0000000000000044 .L0 
     /tmp/ccs10kWq.s:59     .text:0000000000000044 .L0 
     /tmp/ccs10kWq.s:29     .text:0000000000000010 .L0 
     /tmp/ccs10kWq.s:8      .rodata.str1.8:0000000000000000 .LC0
     /tmp/ccs10kWq.s:39     .text:0000000000000020 .L0 
     /tmp/ccs10kWq.s:229    .debug_abbrev:0000000000000000 .Ldebug_abbrev0
     /tmp/ccs10kWq.s:468    .debug_str:00000000000000b0 .LASF20
     /tmp/ccs10kWq.s:480    .debug_str:00000000000001cc .LASF21
     /tmp/ccs10kWq.s:488    .debug_str:0000000000000205 .LASF22
     /tmp/ccs10kWq.s:5      .text:0000000000000000 .Ltext0
     /tmp/ccs10kWq.s:56     .text:0000000000000044 .Letext0
     /tmp/ccs10kWq.s:438    .debug_line:0000000000000000 .Ldebug_line0
     /tmp/ccs10kWq.s:486    .debug_str:00000000000001f8 .LASF0
     /tmp/ccs10kWq.s:476    .debug_str:00000000000001a9 .LASF1
     /tmp/ccs10kWq.s:462    .debug_str:0000000000000087 .LASF2
     /tmp/ccs10kWq.s:456    .debug_str:000000000000006f .LASF4
     /tmp/ccs10kWq.s:452    .debug_str:000000000000004a .LASF3
     /tmp/ccs10kWq.s:440    .debug_str:0000000000000000 .LASF5
     /tmp/ccs10kWq.s:454    .debug_str:000000000000005c .LASF6
     /tmp/ccs10kWq.s:474    .debug_str:0000000000000196 .LASF7
     /tmp/ccs10kWq.s:484    .debug_str:00000000000001e8 .LASF8
     /tmp/ccs10kWq.s:442    .debug_str:0000000000000007 .LASF9
     /tmp/ccs10kWq.s:444    .debug_str:0000000000000015 .LASF10
     /tmp/ccs10kWq.s:482    .debug_str:00000000000001d9 .LASF11
     /tmp/ccs10kWq.s:448    .debug_str:0000000000000029 .LASF12
     /tmp/ccs10kWq.s:478    .debug_str:00000000000001bc .LASF13
     /tmp/ccs10kWq.s:460    .debug_str:000000000000007b .LASF14
     /tmp/ccs10kWq.s:470    .debug_str:0000000000000174 .LASF15
     /tmp/ccs10kWq.s:466    .debug_str:000000000000009a .LASF16
     /tmp/ccs10kWq.s:464    .debug_str:0000000000000095 .LASF17
     /tmp/ccs10kWq.s:458    .debug_str:0000000000000076 .LASF18
     /tmp/ccs10kWq.s:450    .debug_str:0000000000000039 .LASF19
     /tmp/ccs10kWq.s:446    .debug_str:0000000000000024 .LASF23
     /tmp/ccs10kWq.s:15     .text:0000000000000000 .LFB23
     /tmp/ccs10kWq.s:54     .text:0000000000000044 .LFE23
     /tmp/ccs10kWq.s:41     .text:0000000000000030 .LVL0
     /tmp/ccs10kWq.s:490    .debug_str:0000000000000229 .LASF24
GAS LISTING /tmp/ccs10kWq.s 			page 5


     /tmp/ccs10kWq.s:472    .debug_str:000000000000018a .LASF25
     /tmp/ccs10kWq.s:60     .debug_info:0000000000000000 .Ldebug_info0

UNDEFINED SYMBOLS
__supervisorTrap
_Z11printStringPKc
