GAS LISTING /tmp/ccMpwghr.s 			page 1


   1              		.file	"syscall_cpp.cpp"
   2              		.option pic
   3              		.option norelax
   4              		.text
   5              	.Ltext0:
   6              	.Letext0:
   7              		.file 1 "src/../h/../lib/hw.h"
GAS LISTING /tmp/ccMpwghr.s 			page 2


DEFINED SYMBOLS
                            *ABS*:0000000000000000 syscall_cpp.cpp
     /tmp/ccMpwghr.s:134    .debug_abbrev:0000000000000000 .Ldebug_abbrev0
     /tmp/ccMpwghr.s:296    .debug_str:00000000000000ef .LASF18
     /tmp/ccMpwghr.s:278    .debug_str:0000000000000063 .LASF19
     /tmp/ccMpwghr.s:304    .debug_str:00000000000001e5 .LASF20
     /tmp/ccMpwghr.s:262    .debug_line:0000000000000000 .Ldebug_line0
     /tmp/ccMpwghr.s:264    .debug_str:0000000000000000 .LASF0
     /tmp/ccMpwghr.s:294    .debug_str:00000000000000dc .LASF1
     /tmp/ccMpwghr.s:284    .debug_str:000000000000008a .LASF2
     /tmp/ccMpwghr.s:280    .debug_str:0000000000000077 .LASF4
     /tmp/ccMpwghr.s:276    .debug_str:0000000000000051 .LASF3
     /tmp/ccMpwghr.s:272    .debug_str:000000000000003a .LASF5
     /tmp/ccMpwghr.s:302    .debug_str:00000000000001d2 .LASF6
     /tmp/ccMpwghr.s:292    .debug_str:00000000000000c9 .LASF7
     /tmp/ccMpwghr.s:300    .debug_str:00000000000001c2 .LASF8
     /tmp/ccMpwghr.s:268    .debug_str:000000000000001d .LASF9
     /tmp/ccMpwghr.s:270    .debug_str:000000000000002b .LASF10
     /tmp/ccMpwghr.s:298    .debug_str:00000000000001b3 .LASF11
     /tmp/ccMpwghr.s:274    .debug_str:0000000000000041 .LASF12
     /tmp/ccMpwghr.s:266    .debug_str:000000000000000d .LASF13
     /tmp/ccMpwghr.s:282    .debug_str:000000000000007e .LASF14
     /tmp/ccMpwghr.s:290    .debug_str:00000000000000b3 .LASF15
     /tmp/ccMpwghr.s:288    .debug_str:000000000000009d .LASF16
     /tmp/ccMpwghr.s:286    .debug_str:0000000000000098 .LASF17
     /tmp/ccMpwghr.s:9      .debug_info:0000000000000000 .Ldebug_info0

NO UNDEFINED SYMBOLS
